2017-07-27 17:01 123456 
2017-07-27 17:01 12345678 
2017-07-27 17:01 qwerty 
2017-07-27 17:01 123456789 
2017-07-27 17:01 12345 
2017-07-27 17:01 1234 
2017-07-27 17:01 password 
2017-07-27 17:01 111111 
2017-07-27 17:01 1234567 
2017-07-27 17:01 dragon 
2017-07-27 17:01 123123 
2017-07-27 17:01 baseball 
2017-07-27 17:01 abc123 
2017-07-27 17:01 football 
2017-07-27 17:01 monkey 
2017-07-27 17:01 letmein 
2017-07-27 17:01 696969 
2017-07-27 17:01 shadow 
2017-07-27 17:01 master 
2017-07-27 17:01 666666 
2017-07-27 17:01 666666 
2017-07-27 17:01 qwertyuiop 
2017-07-27 17:02 123321 
2017-07-27 17:02 mustang 
2017-07-27 17:02 1234567890 
2017-07-27 17:02 michael 
2017-07-27 17:02 654321 
2017-07-27 17:02 pussy 
2017-07-27 17:02 superman 
2017-07-27 17:02 1qaz2wsx 
2017-07-27 17:02 7777777 
2017-07-27 17:02 fuckyou 
2017-07-27 17:02 121212 
2017-07-27 17:02 000000 
2017-07-27 17:02 qazwsx 
2017-07-27 17:02 123qwe 
2017-07-27 17:02 killer 
2017-07-27 17:02 trustno1 
2017-07-27 17:03 jordan 
2017-07-27 17:03 jennifer 
2017-07-27 17:03 jennifer 
2017-07-27 17:03 zxcvbnm 
2017-07-27 17:03 asdfgh 
2017-07-27 17:03 hunter 
2017-07-27 17:03 buster 
2017-07-27 17:03 soccer 
2017-07-27 17:03 harley 
2017-07-27 17:03 batman 
2017-07-27 17:03 andrew 
2017-07-27 17:03 tigger 
2017-07-27 17:03 sunshine 
2017-07-27 17:03 iloveyou 
2017-07-27 17:03 fuckme 
2017-07-27 17:03 2000 
2017-07-27 17:03 charlie 
2017-07-27 17:03 robert 
2017-07-27 17:03 thomas 
2017-07-27 17:04 hockey 
2017-07-27 17:04 ranger 
2017-07-27 17:04 daniel 
2017-07-27 17:04 daniel 
2017-07-27 17:04 starwars 
2017-07-27 17:04 klaster 
2017-07-27 17:04 112233 
2017-07-27 17:04 george 
2017-07-27 17:04 asshole 
2017-07-27 17:05 computer 
2017-07-27 17:05 michelle 
2017-07-27 17:05 jessica 
2017-07-27 17:05 pepper 
2017-07-27 17:05 1111 
2017-07-27 17:05 zxcvbn 
2017-07-27 17:05 555555 
2017-07-27 17:05 11111111 
2017-07-27 17:05 131313 
2017-07-27 17:05 freedom 
2017-07-27 17:05 777777 
2017-07-27 17:05 pass 
2017-07-27 17:06 fuck 
2017-07-27 17:06 maggie 
2017-07-27 17:06 maggie 
2017-07-27 17:06 159753 
2017-07-27 17:06 aaaaaa 
2017-07-27 17:06 ginger 
2017-07-27 17:06 princess 
2017-07-27 17:06 joshua 
2017-07-27 17:06 cheese 
2017-07-27 17:06 amanda 
2017-07-27 17:06 summer 
2017-07-27 17:06 love 
2017-07-27 17:07 ashley 
2017-07-27 17:07 6969 
2017-07-27 17:07 nicole 
2017-07-27 17:07 chelsea 
2017-07-27 17:07 biteme 
2017-07-27 17:07 matthew 
2017-07-27 17:07 access 
2017-07-27 17:07 yankees 
2017-07-27 17:07 987654321 
2017-07-27 17:07 dallas 
2017-07-27 17:07 dallas 
2017-07-27 17:07 austin 
2017-07-27 17:07 thunder 
2017-07-27 17:08 taylor 
2017-07-27 17:08 matrix 
2017-07-27 17:17 123456 
2017-07-27 17:17 12345678 
2017-07-27 17:17 qwerty 
2017-07-27 17:17 123456789 
2017-07-27 17:17 12345 
2017-07-27 17:17 1234 
2017-07-27 17:17 password 
2017-07-27 17:17 111111 
2017-07-27 17:18 1234567 
2017-07-27 17:18 dragon 
2017-07-27 17:18 123123 
2017-07-27 17:18 baseball 
2017-07-27 17:18 abc123 
2017-07-27 17:18 football 
2017-07-27 17:18 monkey 
2017-07-27 17:18 letmein 
2017-07-27 17:18 696969 
2017-07-27 17:18 shadow 
2017-07-27 17:18 master 
2017-07-27 17:18 666666 
2017-07-27 17:18 666666 
2017-07-27 17:18 qwertyuiop 
2017-07-27 17:18 123321 
2017-07-27 17:18 mustang 
2017-07-27 17:18 1234567890 
2017-07-27 17:18 michael 
2017-07-27 17:18 654321 
2017-07-27 17:18 pussy 
2017-07-27 17:18 superman 
2017-07-27 17:18 1qaz2wsx 
2017-07-27 17:18 7777777 
2017-07-27 17:18 fuckyou 
2017-07-27 17:18 121212 
2017-07-27 17:18 000000 
2017-07-27 17:18 qazwsx 
2017-07-27 17:18 123qwe 
2017-07-27 17:18 killer 
2017-07-27 17:19 trustno1 
2017-07-27 17:19 jordan 
2017-07-27 17:19 jennifer 
2017-07-27 17:19 jennifer 
2017-07-27 17:19 zxcvbnm 
2017-07-27 17:19 asdfgh 
2017-07-27 17:19 hunter 
2017-07-27 17:19 buster 
2017-07-27 17:19 soccer 
2017-07-27 17:19 harley 
2017-07-27 17:19 batman 
2017-07-27 17:19 andrew 
2017-07-27 17:19 tigger 
2017-07-27 17:20 sunshine 
2017-07-27 17:20 iloveyou 
2017-07-27 17:20 fuckme 
2017-07-27 17:20 2000 
2017-07-27 17:20 charlie 
2017-07-27 17:20 robert 
2017-07-27 17:20 thomas 
2017-07-27 17:20 hockey 
2017-07-27 17:20 ranger 
2017-07-27 17:20 daniel 
2017-07-27 17:20 daniel 
2017-07-27 17:20 starwars 
2017-07-27 17:20 klaster 
2017-07-27 17:21 112233 
2017-07-27 17:21 george 
2017-07-27 17:21 asshole 
2017-07-27 17:21 computer 
2017-07-27 17:21 michelle 
2017-07-27 17:21 jessica 
2017-07-27 17:21 pepper 
2017-07-27 17:21 1111 
2017-07-27 17:21 zxcvbn 
2017-07-27 17:21 555555 
2017-07-27 17:21 11111111 
2017-07-27 17:21 131313 
2017-07-27 17:21 freedom 
2017-07-27 17:21 777777 
2017-07-27 17:21 pass 
2017-07-27 17:21 fuck 
2017-07-27 17:21 maggie 
2017-07-27 17:22 maggie 
2017-07-27 17:22 159753 
2017-07-27 17:22 aaaaaa 
2017-07-27 17:22 ginger 
2017-07-27 17:22 princess 
2017-07-27 17:22 joshua 
2017-07-27 17:22 cheese 
2017-07-27 17:22 amanda 
2017-07-27 17:22 summer 
2017-07-27 17:22 love 
2017-07-27 17:22 ashley 
2017-07-27 17:22 6969 
2017-07-27 17:22 nicole 
2017-07-27 17:22 chelsea 
2017-07-27 17:22 biteme 
2017-07-27 17:22 matthew 
2017-07-27 17:22 access 
2017-07-27 17:22 yankees 
2017-07-27 17:22 987654321 
2017-07-27 17:23 dallas 
2017-07-27 17:23 dallas 
2017-07-27 17:23 austin 
2017-07-27 17:23 thunder 
2017-07-27 17:23 taylor 
2017-07-27 17:23 matrix 
2017-07-27 17:23 q1w2e3r4ty 
2017-07-27 19:40:34 jennifer 185.104.120.2

2017-07-27 19:40:37 zxcvbnm 185.104.120.2

2017-07-27 19:40:40 asdfgh 185.104.120.2

2017-07-27 19:40:43 hunter 185.104.120.2

2017-07-27 19:40:46 buster 185.104.120.2

2017-07-27 19:40:49 soccer 185.104.120.2

2017-07-27 19:40:53 harley 185.104.120.2

2017-07-27 19:40:56 batman 185.104.120.2

2017-07-27 19:41:00 andrew 185.104.120.2

2017-07-27 19:41:04 tigger 185.104.120.2

2017-07-27 19:41:07 sunshine 185.104.120.2

2017-07-27 19:41:10 iloveyou 185.104.120.2

2017-07-27 19:41:13 fuckme 185.104.120.2

2017-07-27 19:41:16 2000 185.104.120.2

2017-07-27 19:41:18 charlie 185.104.120.2

2017-07-27 19:41:21 robert 185.104.120.2

2017-07-27 19:41:24 thomas 185.104.120.2

2017-07-27 19:41:28 hockey 185.104.120.2

FOUND !!! hockey
2017-07-27 19:41:43 hockey 192.160.102.168

2017-07-27 19:41:46 ranger 192.160.102.168

2017-07-27 19:41:48 daniel 192.160.102.168

2017-07-27 19:41:51 starwars 192.160.102.168

FOUND !!! starwars
2017-07-27 19:42:13 starwars 77.109.139.87

2017-07-27 19:42:17 klaster 77.109.139.87

2017-07-27 19:42:22 112233 77.109.139.87

2017-07-27 19:42:27 george 77.109.139.87

2017-07-27 19:42:29 asshole 77.109.139.87

2017-07-27 19:42:32 computer 77.109.139.87

2017-07-27 19:42:34 michelle 77.109.139.87

2017-07-27 19:42:37 jessica 77.109.139.87

2017-07-27 19:42:40 pepper 77.109.139.87

2017-07-27 19:42:42 1111 77.109.139.87

2017-07-27 19:42:45 zxcvbn 77.109.139.87

2017-07-27 19:42:47 555555 77.109.139.87

2017-07-27 19:42:50 11111111 77.109.139.87

2017-07-27 19:42:52 131313 77.109.139.87

2017-07-27 19:42:55 freedom 77.109.139.87

2017-07-27 19:42:57 777777 77.109.139.87

2017-07-27 19:43:00 pass 77.109.139.87

2017-07-27 19:43:02 fuck 77.109.139.87

2017-07-27 19:43:05 maggie 77.109.139.87

2017-07-27 19:43:07 159753 77.109.139.87

2017-07-27 19:43:23 159753 51.15.56.11

2017-07-27 19:43:25 aaaaaa 51.15.56.11

2017-07-27 19:43:27 ginger 51.15.56.11

2017-07-27 19:43:29 princess 51.15.56.11

2017-07-27 19:43:31 joshua 51.15.56.11

2017-07-27 19:43:32 cheese 51.15.56.11

FOUND !!! cheese
2017-07-27 19:43:49 cheese 51.15.56.11

FOUND !!! cheese
2017-07-27 19:44:03 cheese 193.90.12.89

FOUND !!! cheese
